<?xml version="1.0" encoding="UTF-8"?>
<!-- Generated by org.testng.reporters.JUnitReportReporter -->
<testsuite hostname="Sid-PC" failures="0" tests="1" name="com.gyanoholic.tests.SeleniumDelayTests" time="12.211" errors="0" timestamp="2023-12-08T08:51:32 IST" skipped="0">
  <testcase classname="com.gyanoholic.tests.SeleniumDelayTests" name="explicitWaitTest" time="12.211"/>
</testsuite> <!-- com.gyanoholic.tests.SeleniumDelayTests -->
